0 info it worked if it ends with ok
1 verbose cli [ 'C:\\Program Files\\nodejs\\\\node.exe',
1 verbose cli   'C:\\Program Files\\nodejs\\node_modules\\npm\\bin\\npm-cli.js',
1 verbose cli   'install' ]
2 info using npm@1.4.28
3 info using node@v0.10.35
4 verbose node symlink C:\Program Files\nodejs\\node.exe
5 verbose readDependencies using package.json deps
6 verbose install where, deps [ 'C:\\test\\develop3',
6 verbose install   [ 'body-parser',
6 verbose install     'cookie-parser',
6 verbose install     'cookie-session',
6 verbose install     'ejs',
6 verbose install     'express',
6 verbose install     'lodash',
6 verbose install     'moment',
6 verbose install     'socket.io',
6 verbose install     'winston',
6 verbose install     'xmldom',
6 verbose install     'xpath' ] ]
7 info preinstall batch-exec@0.0.1
8 verbose readDependencies using package.json deps
9 verbose cache add [ 'body-parser@~1.8.1', null ]
10 verbose cache add name=undefined spec="body-parser@~1.8.1" args=["body-parser@~1.8.1",null]
11 verbose parsed url { protocol: null,
11 verbose parsed url   slashes: null,
11 verbose parsed url   auth: null,
11 verbose parsed url   host: null,
11 verbose parsed url   port: null,
11 verbose parsed url   hostname: null,
11 verbose parsed url   hash: null,
11 verbose parsed url   search: null,
11 verbose parsed url   query: null,
11 verbose parsed url   pathname: 'body-parser@~1.8.1',
11 verbose parsed url   path: 'body-parser@~1.8.1',
11 verbose parsed url   href: 'body-parser@~1.8.1' }
12 verbose cache add [ 'cookie-parser@~1.3.3', null ]
13 verbose cache add name=undefined spec="cookie-parser@~1.3.3" args=["cookie-parser@~1.3.3",null]
14 verbose parsed url { protocol: null,
14 verbose parsed url   slashes: null,
14 verbose parsed url   auth: null,
14 verbose parsed url   host: null,
14 verbose parsed url   port: null,
14 verbose parsed url   hostname: null,
14 verbose parsed url   hash: null,
14 verbose parsed url   search: null,
14 verbose parsed url   query: null,
14 verbose parsed url   pathname: 'cookie-parser@~1.3.3',
14 verbose parsed url   path: 'cookie-parser@~1.3.3',
14 verbose parsed url   href: 'cookie-parser@~1.3.3' }
15 verbose cache add [ 'cookie-session@^1.1.0', null ]
16 verbose cache add name=undefined spec="cookie-session@^1.1.0" args=["cookie-session@^1.1.0",null]
17 verbose parsed url { protocol: null,
17 verbose parsed url   slashes: null,
17 verbose parsed url   auth: null,
17 verbose parsed url   host: null,
17 verbose parsed url   port: null,
17 verbose parsed url   hostname: null,
17 verbose parsed url   hash: null,
17 verbose parsed url   search: null,
17 verbose parsed url   query: null,
17 verbose parsed url   pathname: 'cookie-session@^1.1.0',
17 verbose parsed url   path: 'cookie-session@^1.1.0',
17 verbose parsed url   href: 'cookie-session@^1.1.0' }
18 verbose cache add [ 'ejs@^2.1.4', null ]
19 verbose cache add name=undefined spec="ejs@^2.1.4" args=["ejs@^2.1.4",null]
20 verbose parsed url { protocol: null,
20 verbose parsed url   slashes: null,
20 verbose parsed url   auth: null,
20 verbose parsed url   host: null,
20 verbose parsed url   port: null,
20 verbose parsed url   hostname: null,
20 verbose parsed url   hash: null,
20 verbose parsed url   search: null,
20 verbose parsed url   query: null,
20 verbose parsed url   pathname: 'ejs@^2.1.4',
20 verbose parsed url   path: 'ejs@^2.1.4',
20 verbose parsed url   href: 'ejs@^2.1.4' }
21 verbose cache add [ 'express@~4.9.0', null ]
22 verbose cache add name=undefined spec="express@~4.9.0" args=["express@~4.9.0",null]
23 verbose parsed url { protocol: null,
23 verbose parsed url   slashes: null,
23 verbose parsed url   auth: null,
23 verbose parsed url   host: null,
23 verbose parsed url   port: null,
23 verbose parsed url   hostname: null,
23 verbose parsed url   hash: null,
23 verbose parsed url   search: null,
23 verbose parsed url   query: null,
23 verbose parsed url   pathname: 'express@~4.9.0',
23 verbose parsed url   path: 'express@~4.9.0',
23 verbose parsed url   href: 'express@~4.9.0' }
24 verbose cache add [ 'lodash@*', null ]
25 verbose cache add name=undefined spec="lodash@*" args=["lodash@*",null]
26 verbose parsed url { protocol: null,
26 verbose parsed url   slashes: null,
26 verbose parsed url   auth: null,
26 verbose parsed url   host: null,
26 verbose parsed url   port: null,
26 verbose parsed url   hostname: null,
26 verbose parsed url   hash: null,
26 verbose parsed url   search: null,
26 verbose parsed url   query: null,
26 verbose parsed url   pathname: 'lodash@*',
26 verbose parsed url   path: 'lodash@*',
26 verbose parsed url   href: 'lodash@*' }
27 verbose cache add [ 'moment@^2.9.0', null ]
28 verbose cache add name=undefined spec="moment@^2.9.0" args=["moment@^2.9.0",null]
29 verbose parsed url { protocol: null,
29 verbose parsed url   slashes: null,
29 verbose parsed url   auth: null,
29 verbose parsed url   host: null,
29 verbose parsed url   port: null,
29 verbose parsed url   hostname: null,
29 verbose parsed url   hash: null,
29 verbose parsed url   search: null,
29 verbose parsed url   query: null,
29 verbose parsed url   pathname: 'moment@^2.9.0',
29 verbose parsed url   path: 'moment@^2.9.0',
29 verbose parsed url   href: 'moment@^2.9.0' }
30 verbose cache add [ 'socket.io@*', null ]
31 verbose cache add name=undefined spec="socket.io@*" args=["socket.io@*",null]
32 verbose parsed url { protocol: null,
32 verbose parsed url   slashes: null,
32 verbose parsed url   auth: null,
32 verbose parsed url   host: null,
32 verbose parsed url   port: null,
32 verbose parsed url   hostname: null,
32 verbose parsed url   hash: null,
32 verbose parsed url   search: null,
32 verbose parsed url   query: null,
32 verbose parsed url   pathname: 'socket.io@*',
32 verbose parsed url   path: 'socket.io@*',
32 verbose parsed url   href: 'socket.io@*' }
33 verbose cache add [ 'winston@^0.8.3', null ]
34 verbose cache add name=undefined spec="winston@^0.8.3" args=["winston@^0.8.3",null]
35 verbose parsed url { protocol: null,
35 verbose parsed url   slashes: null,
35 verbose parsed url   auth: null,
35 verbose parsed url   host: null,
35 verbose parsed url   port: null,
35 verbose parsed url   hostname: null,
35 verbose parsed url   hash: null,
35 verbose parsed url   search: null,
35 verbose parsed url   query: null,
35 verbose parsed url   pathname: 'winston@^0.8.3',
35 verbose parsed url   path: 'winston@^0.8.3',
35 verbose parsed url   href: 'winston@^0.8.3' }
36 verbose cache add [ 'xmldom@^0.1.19', null ]
37 verbose cache add name=undefined spec="xmldom@^0.1.19" args=["xmldom@^0.1.19",null]
38 verbose parsed url { protocol: null,
38 verbose parsed url   slashes: null,
38 verbose parsed url   auth: null,
38 verbose parsed url   host: null,
38 verbose parsed url   port: null,
38 verbose parsed url   hostname: null,
38 verbose parsed url   hash: null,
38 verbose parsed url   search: null,
38 verbose parsed url   query: null,
38 verbose parsed url   pathname: 'xmldom@^0.1.19',
38 verbose parsed url   path: 'xmldom@^0.1.19',
38 verbose parsed url   href: 'xmldom@^0.1.19' }
39 verbose cache add [ 'xpath@0.0.9', null ]
40 verbose cache add name=undefined spec="xpath@0.0.9" args=["xpath@0.0.9",null]
41 verbose parsed url { protocol: null,
41 verbose parsed url   slashes: null,
41 verbose parsed url   auth: null,
41 verbose parsed url   host: null,
41 verbose parsed url   port: null,
41 verbose parsed url   hostname: null,
41 verbose parsed url   hash: null,
41 verbose parsed url   search: null,
41 verbose parsed url   query: null,
41 verbose parsed url   pathname: 'xpath@0.0.9',
41 verbose parsed url   path: 'xpath@0.0.9',
41 verbose parsed url   href: 'xpath@0.0.9' }
42 verbose cache add name="body-parser" spec="~1.8.1" args=["body-parser","~1.8.1"]
43 verbose parsed url { protocol: null,
43 verbose parsed url   slashes: null,
43 verbose parsed url   auth: null,
43 verbose parsed url   host: null,
43 verbose parsed url   port: null,
43 verbose parsed url   hostname: null,
43 verbose parsed url   hash: null,
43 verbose parsed url   search: null,
43 verbose parsed url   query: null,
43 verbose parsed url   pathname: '~1.8.1',
43 verbose parsed url   path: '~1.8.1',
43 verbose parsed url   href: '~1.8.1' }
44 verbose addNamed [ 'body-parser', '~1.8.1' ]
45 verbose addNamed [ null, '>=1.8.1-0 <1.9.0-0' ]
46 verbose cache add name="cookie-parser" spec="~1.3.3" args=["cookie-parser","~1.3.3"]
47 verbose parsed url { protocol: null,
47 verbose parsed url   slashes: null,
47 verbose parsed url   auth: null,
47 verbose parsed url   host: null,
47 verbose parsed url   port: null,
47 verbose parsed url   hostname: null,
47 verbose parsed url   hash: null,
47 verbose parsed url   search: null,
47 verbose parsed url   query: null,
47 verbose parsed url   pathname: '~1.3.3',
47 verbose parsed url   path: '~1.3.3',
47 verbose parsed url   href: '~1.3.3' }
48 verbose addNamed [ 'cookie-parser', '~1.3.3' ]
49 verbose addNamed [ null, '>=1.3.3-0 <1.4.0-0' ]
50 verbose cache add name="cookie-session" spec="^1.1.0" args=["cookie-session","^1.1.0"]
51 verbose parsed url { protocol: null,
51 verbose parsed url   slashes: null,
51 verbose parsed url   auth: null,
51 verbose parsed url   host: null,
51 verbose parsed url   port: null,
51 verbose parsed url   hostname: null,
51 verbose parsed url   hash: null,
51 verbose parsed url   search: null,
51 verbose parsed url   query: null,
51 verbose parsed url   pathname: '^1.1.0',
51 verbose parsed url   path: '^1.1.0',
51 verbose parsed url   href: '^1.1.0' }
52 verbose addNamed [ 'cookie-session', '^1.1.0' ]
53 verbose addNamed [ null, '>=1.1.0-0 <2.0.0-0' ]
54 verbose cache add name="ejs" spec="^2.1.4" args=["ejs","^2.1.4"]
55 verbose parsed url { protocol: null,
55 verbose parsed url   slashes: null,
55 verbose parsed url   auth: null,
55 verbose parsed url   host: null,
55 verbose parsed url   port: null,
55 verbose parsed url   hostname: null,
55 verbose parsed url   hash: null,
55 verbose parsed url   search: null,
55 verbose parsed url   query: null,
55 verbose parsed url   pathname: '^2.1.4',
55 verbose parsed url   path: '^2.1.4',
55 verbose parsed url   href: '^2.1.4' }
56 verbose addNamed [ 'ejs', '^2.1.4' ]
57 verbose addNamed [ null, '>=2.1.4-0 <3.0.0-0' ]
58 verbose cache add name="express" spec="~4.9.0" args=["express","~4.9.0"]
59 verbose parsed url { protocol: null,
59 verbose parsed url   slashes: null,
59 verbose parsed url   auth: null,
59 verbose parsed url   host: null,
59 verbose parsed url   port: null,
59 verbose parsed url   hostname: null,
59 verbose parsed url   hash: null,
59 verbose parsed url   search: null,
59 verbose parsed url   query: null,
59 verbose parsed url   pathname: '~4.9.0',
59 verbose parsed url   path: '~4.9.0',
59 verbose parsed url   href: '~4.9.0' }
60 verbose addNamed [ 'express', '~4.9.0' ]
61 verbose addNamed [ null, '>=4.9.0-0 <4.10.0-0' ]
62 verbose cache add name="lodash" spec="*" args=["lodash","*"]
63 verbose parsed url { protocol: null,
63 verbose parsed url   slashes: null,
63 verbose parsed url   auth: null,
63 verbose parsed url   host: null,
63 verbose parsed url   port: null,
63 verbose parsed url   hostname: null,
63 verbose parsed url   hash: null,
63 verbose parsed url   search: null,
63 verbose parsed url   query: null,
63 verbose parsed url   pathname: '*',
63 verbose parsed url   path: '*',
63 verbose parsed url   href: '*' }
64 verbose addNamed [ 'lodash', '*' ]
65 verbose addNamed [ null, '*' ]
66 verbose cache add name="moment" spec="^2.9.0" args=["moment","^2.9.0"]
67 verbose parsed url { protocol: null,
67 verbose parsed url   slashes: null,
67 verbose parsed url   auth: null,
67 verbose parsed url   host: null,
67 verbose parsed url   port: null,
67 verbose parsed url   hostname: null,
67 verbose parsed url   hash: null,
67 verbose parsed url   search: null,
67 verbose parsed url   query: null,
67 verbose parsed url   pathname: '^2.9.0',
67 verbose parsed url   path: '^2.9.0',
67 verbose parsed url   href: '^2.9.0' }
68 verbose addNamed [ 'moment', '^2.9.0' ]
69 verbose addNamed [ null, '>=2.9.0-0 <3.0.0-0' ]
70 verbose cache add name="socket.io" spec="*" args=["socket.io","*"]
71 verbose parsed url { protocol: null,
71 verbose parsed url   slashes: null,
71 verbose parsed url   auth: null,
71 verbose parsed url   host: null,
71 verbose parsed url   port: null,
71 verbose parsed url   hostname: null,
71 verbose parsed url   hash: null,
71 verbose parsed url   search: null,
71 verbose parsed url   query: null,
71 verbose parsed url   pathname: '*',
71 verbose parsed url   path: '*',
71 verbose parsed url   href: '*' }
72 verbose addNamed [ 'socket.io', '*' ]
73 verbose addNamed [ null, '*' ]
74 verbose cache add name="winston" spec="^0.8.3" args=["winston","^0.8.3"]
75 verbose parsed url { protocol: null,
75 verbose parsed url   slashes: null,
75 verbose parsed url   auth: null,
75 verbose parsed url   host: null,
75 verbose parsed url   port: null,
75 verbose parsed url   hostname: null,
75 verbose parsed url   hash: null,
75 verbose parsed url   search: null,
75 verbose parsed url   query: null,
75 verbose parsed url   pathname: '^0.8.3',
75 verbose parsed url   path: '^0.8.3',
75 verbose parsed url   href: '^0.8.3' }
76 verbose addNamed [ 'winston', '^0.8.3' ]
77 verbose addNamed [ null, '>=0.8.3-0 <0.9.0-0' ]
78 verbose cache add name="xmldom" spec="^0.1.19" args=["xmldom","^0.1.19"]
79 verbose parsed url { protocol: null,
79 verbose parsed url   slashes: null,
79 verbose parsed url   auth: null,
79 verbose parsed url   host: null,
79 verbose parsed url   port: null,
79 verbose parsed url   hostname: null,
79 verbose parsed url   hash: null,
79 verbose parsed url   search: null,
79 verbose parsed url   query: null,
79 verbose parsed url   pathname: '^0.1.19',
79 verbose parsed url   path: '^0.1.19',
79 verbose parsed url   href: '^0.1.19' }
80 verbose addNamed [ 'xmldom', '^0.1.19' ]
81 verbose addNamed [ null, '>=0.1.19-0 <0.2.0-0' ]
82 verbose cache add name="xpath" spec="0.0.9" args=["xpath","0.0.9"]
83 verbose parsed url { protocol: null,
83 verbose parsed url   slashes: null,
83 verbose parsed url   auth: null,
83 verbose parsed url   host: null,
83 verbose parsed url   port: null,
83 verbose parsed url   hostname: null,
83 verbose parsed url   hash: null,
83 verbose parsed url   search: null,
83 verbose parsed url   query: null,
83 verbose parsed url   pathname: '0.0.9',
83 verbose parsed url   path: '0.0.9',
83 verbose parsed url   href: '0.0.9' }
84 verbose addNamed [ 'xpath', '0.0.9' ]
85 verbose addNamed [ '0.0.9', '0.0.9' ]
86 silly lockFile a49948c1-body-parser-1-8-1 body-parser@~1.8.1
87 verbose lock body-parser@~1.8.1 C:\Users\Administrator\AppData\Roaming\npm-cache\a49948c1-body-parser-1-8-1.lock
88 silly lockFile bf5babd8-cookie-parser-1-3-3 cookie-parser@~1.3.3
89 verbose lock cookie-parser@~1.3.3 C:\Users\Administrator\AppData\Roaming\npm-cache\bf5babd8-cookie-parser-1-3-3.lock
90 silly lockFile d38e011b-cookie-session-1-1-0 cookie-session@^1.1.0
91 verbose lock cookie-session@^1.1.0 C:\Users\Administrator\AppData\Roaming\npm-cache\d38e011b-cookie-session-1-1-0.lock
92 silly lockFile 3524a4c6-ejs-2-1-4 ejs@^2.1.4
93 verbose lock ejs@^2.1.4 C:\Users\Administrator\AppData\Roaming\npm-cache\3524a4c6-ejs-2-1-4.lock
94 silly lockFile 6ae7fa08-express-4-9-0 express@~4.9.0
95 verbose lock express@~4.9.0 C:\Users\Administrator\AppData\Roaming\npm-cache\6ae7fa08-express-4-9-0.lock
96 silly lockFile 15f92fc8-lodash lodash@*
97 verbose lock lodash@* C:\Users\Administrator\AppData\Roaming\npm-cache\15f92fc8-lodash.lock
98 silly lockFile 626a7352-moment-2-9-0 moment@^2.9.0
99 verbose lock moment@^2.9.0 C:\Users\Administrator\AppData\Roaming\npm-cache\626a7352-moment-2-9-0.lock
100 silly lockFile 141fbf03-socket-io socket.io@*
101 verbose lock socket.io@* C:\Users\Administrator\AppData\Roaming\npm-cache\141fbf03-socket-io.lock
102 silly lockFile 778e3568-winston-0-8-3 winston@^0.8.3
103 verbose lock winston@^0.8.3 C:\Users\Administrator\AppData\Roaming\npm-cache\778e3568-winston-0-8-3.lock
104 silly lockFile de086957-xmldom-0-1-19 xmldom@^0.1.19
105 verbose lock xmldom@^0.1.19 C:\Users\Administrator\AppData\Roaming\npm-cache\de086957-xmldom-0-1-19.lock
106 silly lockFile 757bb324-xpath-0-0-9 xpath@0.0.9
107 verbose lock xpath@0.0.9 C:\Users\Administrator\AppData\Roaming\npm-cache\757bb324-xpath-0-0-9.lock
108 silly addNameRange { name: 'body-parser',
108 silly addNameRange   range: '>=1.8.1-0 <1.9.0-0',
108 silly addNameRange   hasData: false }
109 silly addNameRange { name: 'cookie-parser',
109 silly addNameRange   range: '>=1.3.3-0 <1.4.0-0',
109 silly addNameRange   hasData: false }
110 silly addNameRange { name: 'cookie-session',
110 silly addNameRange   range: '>=1.1.0-0 <2.0.0-0',
110 silly addNameRange   hasData: false }
111 silly addNameRange { name: 'ejs', range: '>=2.1.4-0 <3.0.0-0', hasData: false }
112 silly addNameRange { name: 'express', range: '>=4.9.0-0 <4.10.0-0', hasData: false }
113 silly addNameRange { name: 'lodash', range: '*', hasData: false }
114 silly addNameRange { name: 'moment', range: '>=2.9.0-0 <3.0.0-0', hasData: false }
115 silly addNameRange { name: 'socket.io', range: '*', hasData: false }
116 silly addNameRange { name: 'winston', range: '>=0.8.3-0 <0.9.0-0', hasData: false }
117 silly addNameRange { name: 'xmldom', range: '>=0.1.19-0 <0.2.0-0', hasData: false }
118 verbose registry.get https://registry.npmjs.org/body-parser not expired, no request
119 silly addNameRange number 2 { name: 'body-parser',
119 silly addNameRange   range: '>=1.8.1-0 <1.9.0-0',
119 silly addNameRange   hasData: true }
120 silly addNameRange versions [ 'body-parser',
120 silly addNameRange   [ '1.0.0',
120 silly addNameRange     '1.0.1',
120 silly addNameRange     '1.0.2',
120 silly addNameRange     '1.1.0',
120 silly addNameRange     '1.1.1',
120 silly addNameRange     '1.1.2',
120 silly addNameRange     '1.2.0',
120 silly addNameRange     '1.2.1',
120 silly addNameRange     '1.2.2',
120 silly addNameRange     '1.3.0',
120 silly addNameRange     '1.3.1',
120 silly addNameRange     '1.4.0',
120 silly addNameRange     '1.4.1',
120 silly addNameRange     '1.4.2',
120 silly addNameRange     '1.4.3',
120 silly addNameRange     '1.5.0',
120 silly addNameRange     '1.5.1',
120 silly addNameRange     '1.5.2',
120 silly addNameRange     '1.6.0',
120 silly addNameRange     '1.6.1',
120 silly addNameRange     '1.6.2',
120 silly addNameRange     '1.6.3',
120 silly addNameRange     '1.6.4',
120 silly addNameRange     '1.6.5',
120 silly addNameRange     '1.6.6',
120 silly addNameRange     '1.6.7',
120 silly addNameRange     '1.7.0',
120 silly addNameRange     '1.8.0',
120 silly addNameRange     '1.8.1',
120 silly addNameRange     '1.8.2',
120 silly addNameRange     '1.8.3',
120 silly addNameRange     '1.8.4',
120 silly addNameRange     '1.9.0',
120 silly addNameRange     '1.9.1',
120 silly addNameRange     '1.9.2',
120 silly addNameRange     '1.9.3',
120 silly addNameRange     '1.10.0',
120 silly addNameRange     '1.10.1' ] ]
121 verbose addNamed [ 'body-parser', '1.8.4' ]
122 verbose addNamed [ '1.8.4', '1.8.4' ]
123 silly lockFile 5cba912c-body-parser-1-8-4 body-parser@1.8.4
124 verbose lock body-parser@1.8.4 C:\Users\Administrator\AppData\Roaming\npm-cache\5cba912c-body-parser-1-8-4.lock
125 verbose registry.get https://registry.npmjs.org/cookie-parser not expired, no request
126 silly addNameRange number 2 { name: 'cookie-parser',
126 silly addNameRange   range: '>=1.3.3-0 <1.4.0-0',
126 silly addNameRange   hasData: true }
127 silly addNameRange versions [ 'cookie-parser',
127 silly addNameRange   [ '1.0.0',
127 silly addNameRange     '1.0.1',
127 silly addNameRange     '1.1.0',
127 silly addNameRange     '1.2.0',
127 silly addNameRange     '1.3.0',
127 silly addNameRange     '1.3.1',
127 silly addNameRange     '1.3.2',
127 silly addNameRange     '1.3.3' ] ]
128 verbose addNamed [ 'cookie-parser', '1.3.3' ]
129 verbose addNamed [ '1.3.3', '1.3.3' ]
130 silly lockFile 68450bd4-cookie-parser-1-3-3 cookie-parser@1.3.3
131 verbose lock cookie-parser@1.3.3 C:\Users\Administrator\AppData\Roaming\npm-cache\68450bd4-cookie-parser-1-3-3.lock
132 verbose registry.get https://registry.npmjs.org/cookie-session not expired, no request
133 silly addNameRange number 2 { name: 'cookie-session',
133 silly addNameRange   range: '>=1.1.0-0 <2.0.0-0',
133 silly addNameRange   hasData: true }
134 silly addNameRange versions [ 'cookie-session', [ '1.0.0', '1.0.1', '1.0.2', '1.1.0' ] ]
135 verbose addNamed [ 'cookie-session', '1.1.0' ]
136 verbose addNamed [ '1.1.0', '1.1.0' ]
137 silly lockFile fc99895f-cookie-session-1-1-0 cookie-session@1.1.0
138 verbose lock cookie-session@1.1.0 C:\Users\Administrator\AppData\Roaming\npm-cache\fc99895f-cookie-session-1-1-0.lock
139 verbose registry.get https://registry.npmjs.org/ejs not expired, no request
140 silly addNameRange number 2 { name: 'ejs', range: '>=2.1.4-0 <3.0.0-0', hasData: true }
141 silly addNameRange versions [ 'ejs',
141 silly addNameRange   [ '0.0.1',
141 silly addNameRange     '0.0.2',
141 silly addNameRange     '0.0.3',
141 silly addNameRange     '0.0.4',
141 silly addNameRange     '0.1.0',
141 silly addNameRange     '0.2.0',
141 silly addNameRange     '0.2.1',
141 silly addNameRange     '0.3.0',
141 silly addNameRange     '0.3.1',
141 silly addNameRange     '0.4.0',
141 silly addNameRange     '0.4.1',
141 silly addNameRange     '0.4.2',
141 silly addNameRange     '0.4.3',
141 silly addNameRange     '0.5.0',
141 silly addNameRange     '0.6.0',
141 silly addNameRange     '0.6.1',
141 silly addNameRange     '0.7.0',
141 silly addNameRange     '0.7.1',
141 silly addNameRange     '0.7.2',
141 silly addNameRange     '0.8.0',
141 silly addNameRange     '0.8.1',
141 silly addNameRange     '0.8.2',
141 silly addNameRange     '0.8.3',
141 silly addNameRange     '0.8.4',
141 silly addNameRange     '0.8.5',
141 silly addNameRange     '0.8.6',
141 silly addNameRange     '0.8.8',
141 silly addNameRange     '1.0.0',
141 silly addNameRange     '2.0.2',
141 silly addNameRange     '2.0.3',
141 silly addNameRange     '2.0.4',
141 silly addNameRange     '2.0.5',
141 silly addNameRange     '2.0.6',
141 silly addNameRange     '2.0.7',
141 silly addNameRange     '2.0.8',
141 silly addNameRange     '2.1.1',
141 silly addNameRange     '2.1.2',
141 silly addNameRange     '2.1.3',
141 silly addNameRange     '2.1.4' ] ]
142 verbose addNamed [ 'ejs', '2.1.4' ]
143 verbose addNamed [ '2.1.4', '2.1.4' ]
144 silly lockFile b419753c-ejs-2-1-4 ejs@2.1.4
145 verbose lock ejs@2.1.4 C:\Users\Administrator\AppData\Roaming\npm-cache\b419753c-ejs-2-1-4.lock
146 verbose registry.get https://registry.npmjs.org/express not expired, no request
147 silly addNameRange number 2 { name: 'express', range: '>=4.9.0-0 <4.10.0-0', hasData: true }
148 silly addNameRange versions [ 'express',
148 silly addNameRange   [ '0.14.0',
148 silly addNameRange     '0.14.1',
148 silly addNameRange     '1.0.0',
148 silly addNameRange     '1.0.1',
148 silly addNameRange     '1.0.2',
148 silly addNameRange     '1.0.3',
148 silly addNameRange     '1.0.4',
148 silly addNameRange     '1.0.5',
148 silly addNameRange     '1.0.6',
148 silly addNameRange     '1.0.7',
148 silly addNameRange     '1.0.8',
148 silly addNameRange     '2.0.0',
148 silly addNameRange     '2.1.0',
148 silly addNameRange     '2.1.1',
148 silly addNameRange     '2.2.0',
148 silly addNameRange     '2.2.1',
148 silly addNameRange     '2.2.2',
148 silly addNameRange     '2.3.0',
148 silly addNameRange     '2.3.1',
148 silly addNameRange     '2.3.2',
148 silly addNameRange     '2.3.3',
148 silly addNameRange     '2.3.4',
148 silly addNameRange     '2.3.5',
148 silly addNameRange     '2.3.6',
148 silly addNameRange     '2.3.7',
148 silly addNameRange     '2.3.8',
148 silly addNameRange     '2.3.9',
148 silly addNameRange     '2.3.10',
148 silly addNameRange     '2.3.11',
148 silly addNameRange     '2.3.12',
148 silly addNameRange     '2.4.0',
148 silly addNameRange     '2.4.1',
148 silly addNameRange     '2.4.2',
148 silly addNameRange     '2.4.3',
148 silly addNameRange     '2.4.4',
148 silly addNameRange     '2.4.5',
148 silly addNameRange     '2.4.6',
148 silly addNameRange     '2.4.7',
148 silly addNameRange     '2.5.0',
148 silly addNameRange     '2.5.1',
148 silly addNameRange     '2.5.2',
148 silly addNameRange     '2.5.3',
148 silly addNameRange     '2.5.4',
148 silly addNameRange     '2.5.5',
148 silly addNameRange     '2.5.6',
148 silly addNameRange     '2.5.7',
148 silly addNameRange     '2.5.8',
148 silly addNameRange     '2.5.9',
148 silly addNameRange     '2.5.10',
148 silly addNameRange     '2.5.11',
148 silly addNameRange     '3.0.0',
148 silly addNameRange     '3.0.1',
148 silly addNameRange     '3.0.2',
148 silly addNameRange     '3.0.3',
148 silly addNameRange     '3.0.4',
148 silly addNameRange     '3.0.5',
148 silly addNameRange     '3.0.6',
148 silly addNameRange     '3.1.0',
148 silly addNameRange     '3.1.1',
148 silly addNameRange     '3.1.2',
148 silly addNameRange     '3.2.0',
148 silly addNameRange     '3.2.1',
148 silly addNameRange     '3.2.2',
148 silly addNameRange     '3.2.3',
148 silly addNameRange     '3.2.4',
148 silly addNameRange     '3.2.5',
148 silly addNameRange     '3.2.6',
148 silly addNameRange     '3.3.0',
148 silly addNameRange     '3.3.1',
148 silly addNameRange     '3.3.2',
148 silly addNameRange     '3.3.3',
148 silly addNameRange     '3.3.4',
148 silly addNameRange     '3.3.5',
148 silly addNameRange     '3.3.6',
148 silly addNameRange     '1.0.0-beta',
148 silly addNameRange     '1.0.0-beta2',
148 silly addNameRange     '1.0.0-rc',
148 silly addNameRange     '1.0.0-rc2',
148 silly addNameRange     '1.0.0-rc3',
148 silly addNameRange     '1.0.0-rc4',
148 silly addNameRange     '2.0.0-beta',
148 silly addNameRange     '2.0.0-beta2',
148 silly addNameRange     '2.0.0-beta3',
148 silly addNameRange     '2.0.0-rc',
148 silly addNameRange     '2.0.0-rc2',
148 silly addNameRange     '2.0.0-rc3',
148 silly addNameRange     '3.0.0-alpha1',
148 silly addNameRange     '3.0.0-alpha2',
148 silly addNameRange     '3.0.0-alpha3',
148 silly addNameRange     '3.0.0-alpha4',
148 silly addNameRange     '3.0.0-alpha5',
148 silly addNameRange     '3.0.0-beta1',
148 silly addNameRange     '3.0.0-beta2',
148 silly addNameRange     '3.0.0-beta3',
148 silly addNameRange     '3.0.0-beta4',
148 silly addNameRange     '3.0.0-beta6',
148 silly addNameRange     '3.0.0-beta7',
148 silly addNameRange     '3.0.0-rc1',
148 silly addNameRange     '3.0.0-rc2',
148 silly addNameRange     '3.0.0-rc3',
148 silly addNameRange     '3.0.0-rc4',
148 silly addNameRange     '3.0.0-rc5',
148 silly addNameRange     '3.3.7',
148 silly addNameRange     '3.3.8',
148 silly addNameRange     '3.4.0',
148 silly addNameRange     '3.4.1',
148 silly addNameRange     '3.4.2',
148 silly addNameRange     '3.4.3',
148 silly addNameRange     '3.4.4',
148 silly addNameRange     '3.4.5',
148 silly addNameRange     '3.4.6',
148 silly addNameRange     '3.4.7',
148 silly addNameRange     '3.4.8',
148 silly addNameRange     '4.0.0-rc1',
148 silly addNameRange     '4.0.0-rc2',
148 silly addNameRange     '3.5.0',
148 silly addNameRange     '4.0.0-rc3',
148 silly addNameRange     '4.0.0-rc4',
148 silly addNameRange     '3.5.1',
148 silly addNameRange     '4.0.0',
148 silly addNameRange     '3.5.2',
148 silly addNameRange     '4.1.0',
148 silly addNameRange     '4.1.1',
148 silly addNameRange     '3.5.3',
148 silly addNameRange     '4.1.2',
148 silly addNameRange     '3.6.0',
148 silly addNameRange     '4.2.0',
148 silly addNameRange     '3.7.0',
148 silly addNameRange     '3.8.0',
148 silly addNameRange     '4.3.0',
148 silly addNameRange     '4.3.1',
148 silly addNameRange     '3.8.1',
148 silly addNameRange     '4.3.2',
148 silly addNameRange     '3.9.0',
148 silly addNameRange     '4.4.0',
148 silly addNameRange     '4.4.1',
148 silly addNameRange     '3.10.0',
148 silly addNameRange     '3.10.1',
148 silly addNameRange     '3.10.2',
148 silly addNameRange     '3.10.3',
148 silly addNameRange     '3.10.4',
148 silly addNameRange     '4.4.2',
148 silly addNameRange     '3.10.5',
148 silly addNameRange     '4.4.3',
148 silly addNameRange     '3.11.0',
148 silly addNameRange     '4.4.4',
148 silly addNameRange     '3.12.0',
148 silly addNameRange     '3.12.1',
148 silly addNameRange     '4.4.5',
148 silly addNameRange     '3.13.0',
148 silly addNameRange     '4.5.0',
148 silly addNameRange     '4.5.1',
148 silly addNameRange     '3.14.0',
148 silly addNameRange     '4.6.0',
148 silly addNameRange     '4.6.1',
148 silly addNameRange     '3.15.0',
148 silly addNameRange     '4.7.0',
148 silly addNameRange     '3.15.1',
148 silly addNameRange     '4.7.1',
148 silly addNameRange     '3.15.2',
148 silly addNameRange     '4.7.2',
148 silly addNameRange     '4.7.3',
148 silly addNameRange     '3.15.3',
148 silly addNameRange     '4.7.4',
148 silly addNameRange     '3.16.0',
148 silly addNameRange     '4.8.0',
148 silly addNameRange     '3.16.1',
148 silly addNameRange     '4.8.1',
148 silly addNameRange     '3.16.2',
148 silly addNameRange     '4.8.2',
148 silly addNameRange     '3.16.3',
148 silly addNameRange     '3.16.4',
148 silly addNameRange     '4.8.3',
148 silly addNameRange     '3.16.5',
148 silly addNameRange     '3.16.6',
148 silly addNameRange     '4.8.4',
148 silly addNameRange     '3.16.7',
148 silly addNameRange     '4.8.5',
148 silly addNameRange     '3.16.8',
148 silly addNameRange     '4.8.6',
148 silly addNameRange     '3.16.9',
148 silly addNameRange     '4.8.7',
148 silly addNameRange     '3.16.10',
148 silly addNameRange     '4.8.8',
148 silly addNameRange     '3.17.0',
148 silly addNameRange     '3.17.1',
148 silly addNameRange     '4.9.0',
148 silly addNameRange     '3.17.2',
148 silly addNameRange     '4.9.1',
148 silly addNameRange     '4.9.2',
148 silly addNameRange     '3.17.3',
148 silly addNameRange     '4.9.3',
148 silly addNameRange     '3.17.4',
148 silly addNameRange     '4.9.4',
148 silly addNameRange     '3.17.5',
148 silly addNameRange     '4.9.5',
148 silly addNameRange     '3.17.6',
148 silly addNameRange     '3.17.7',
148 silly addNameRange     '4.9.6',
148 silly addNameRange     '4.9.7',
148 silly addNameRange     '3.17.8',
148 silly addNameRange     '4.9.8',
148 silly addNameRange     '3.18.0',
148 silly addNameRange     '3.18.1',
148 silly addNameRange     '4.10.0',
148 silly addNameRange     '3.18.2',
148 silly addNameRange     '4.10.1',
148 silly addNameRange     '5.0.0-alpha.1',
148 silly addNameRange     '3.18.3',
148 silly addNameRange     '4.10.2',
148 silly addNameRange     '3.18.4',
148 silly addNameRange     '4.10.3',
148 silly addNameRange     '4.10.4',
148 silly addNameRange     '4.10.5',
148 silly addNameRange     '3.18.5',
148 silly addNameRange     '3.18.6',
148 silly addNameRange     '4.10.6',
148 silly addNameRange     '4.10.7',
148 silly addNameRange     '3.19.0' ] ]
149 verbose addNamed [ 'express', '4.9.8' ]
150 verbose addNamed [ '4.9.8', '4.9.8' ]
151 silly lockFile 3e3a25f6-express-4-9-8 express@4.9.8
152 verbose lock express@4.9.8 C:\Users\Administrator\AppData\Roaming\npm-cache\3e3a25f6-express-4-9-8.lock
153 verbose registry.get https://registry.npmjs.org/lodash not expired, no request
154 silly addNameRange number 2 { name: 'lodash', range: '*', hasData: true }
155 silly addNameRange versions [ 'lodash',
155 silly addNameRange   [ '0.1.0',
155 silly addNameRange     '0.2.0',
155 silly addNameRange     '0.2.1',
155 silly addNameRange     '0.2.2',
155 silly addNameRange     '0.3.0',
155 silly addNameRange     '0.3.1',
155 silly addNameRange     '0.3.2',
155 silly addNameRange     '0.4.0',
155 silly addNameRange     '0.4.1',
155 silly addNameRange     '0.4.2',
155 silly addNameRange     '0.5.0-rc.1',
155 silly addNameRange     '0.5.0',
155 silly addNameRange     '0.5.1',
155 silly addNameRange     '0.5.2',
155 silly addNameRange     '0.6.0',
155 silly addNameRange     '0.6.1',
155 silly addNameRange     '0.7.0',
155 silly addNameRange     '0.8.0',
155 silly addNameRange     '0.8.1',
155 silly addNameRange     '0.8.2',
155 silly addNameRange     '0.9.0',
155 silly addNameRange     '0.9.1',
155 silly addNameRange     '0.9.2',
155 silly addNameRange     '0.10.0',
155 silly addNameRange     '1.0.0-rc.1',
155 silly addNameRange     '1.0.0-rc.2',
155 silly addNameRange     '1.0.0-rc.3',
155 silly addNameRange     '1.0.0',
155 silly addNameRange     '1.0.1',
155 silly addNameRange     '1.1.0',
155 silly addNameRange     '1.1.1',
155 silly addNameRange     '1.2.0',
155 silly addNameRange     '1.2.1',
155 silly addNameRange     '1.3.0',
155 silly addNameRange     '1.3.1',
155 silly addNameRange     '2.0.0',
155 silly addNameRange     '2.1.0',
155 silly addNameRange     '2.2.0',
155 silly addNameRange     '2.2.1',
155 silly addNameRange     '2.3.0',
155 silly addNameRange     '2.4.0',
155 silly addNameRange     '2.4.1' ] ]
156 verbose addNamed [ 'lodash', '2.4.1' ]
157 verbose addNamed [ '2.4.1', '2.4.1' ]
158 silly lockFile 8502be2a-lodash-2-4-1 lodash@2.4.1
159 verbose lock lodash@2.4.1 C:\Users\Administrator\AppData\Roaming\npm-cache\8502be2a-lodash-2-4-1.lock
160 verbose registry.get https://registry.npmjs.org/moment not expired, no request
161 silly addNameRange number 2 { name: 'moment', range: '>=2.9.0-0 <3.0.0-0', hasData: true }
162 silly addNameRange versions [ 'moment',
162 silly addNameRange   [ '1.0.0',
162 silly addNameRange     '1.0.1',
162 silly addNameRange     '1.1.0',
162 silly addNameRange     '1.1.1',
162 silly addNameRange     '1.2.0',
162 silly addNameRange     '1.3.0',
162 silly addNameRange     '1.4.0',
162 silly addNameRange     '1.5.0',
162 silly addNameRange     '1.5.1',
162 silly addNameRange     '1.6.0',
162 silly addNameRange     '1.6.1',
162 silly addNameRange     '1.6.2',
162 silly addNameRange     '1.7.0',
162 silly addNameRange     '1.7.1',
162 silly addNameRange     '1.7.2',
162 silly addNameRange     '2.0.0',
162 silly addNameRange     '2.1.0',
162 silly addNameRange     '2.2.1',
162 silly addNameRange     '2.3.0',
162 silly addNameRange     '2.3.1',
162 silly addNameRange     '2.4.0',
162 silly addNameRange     '2.5.0',
162 silly addNameRange     '2.5.1',
162 silly addNameRange     '2.6.0',
162 silly addNameRange     '2.7.0',
162 silly addNameRange     '2.8.1',
162 silly addNameRange     '2.8.2',
162 silly addNameRange     '2.8.3',
162 silly addNameRange     '2.8.4',
162 silly addNameRange     '2.9.0' ] ]
163 verbose addNamed [ 'moment', '2.9.0' ]
164 verbose addNamed [ '2.9.0', '2.9.0' ]
165 silly lockFile f9216bc0-moment-2-9-0 moment@2.9.0
166 verbose lock moment@2.9.0 C:\Users\Administrator\AppData\Roaming\npm-cache\f9216bc0-moment-2-9-0.lock
167 verbose registry.get https://registry.npmjs.org/socket.io not expired, no request
168 silly addNameRange number 2 { name: 'socket.io', range: '*', hasData: true }
169 silly addNameRange versions [ 'socket.io',
169 silly addNameRange   [ '0.3.8',
169 silly addNameRange     '0.4.0',
169 silly addNameRange     '0.4.1',
169 silly addNameRange     '0.5.1',
169 silly addNameRange     '0.5.3',
169 silly addNameRange     '0.6.0',
169 silly addNameRange     '0.6.1',
169 silly addNameRange     '0.6.3',
169 silly addNameRange     '0.6.4',
169 silly addNameRange     '0.6.5',
169 silly addNameRange     '0.6.6',
169 silly addNameRange     '0.6.7',
169 silly addNameRange     '0.6.8',
169 silly addNameRange     '0.6.9',
169 silly addNameRange     '0.6.10',
169 silly addNameRange     '0.6.11',
169 silly addNameRange     '0.6.12',
169 silly addNameRange     '0.6.14',
169 silly addNameRange     '0.6.15',
169 silly addNameRange     '0.6.16',
169 silly addNameRange     '0.6.17',
169 silly addNameRange     '0.6.18',
169 silly addNameRange     '0.7.0',
169 silly addNameRange     '0.7.1',
169 silly addNameRange     '0.7.2',
169 silly addNameRange     '0.7.3',
169 silly addNameRange     '0.7.4',
169 silly addNameRange     '0.7.5',
169 silly addNameRange     '0.7.6',
169 silly addNameRange     '0.7.7',
169 silly addNameRange     '0.7.8',
169 silly addNameRange     '0.7.9',
169 silly addNameRange     '0.7.10',
169 silly addNameRange     '0.7.11',
169 silly addNameRange     '0.8.0',
169 silly addNameRange     '0.8.1',
169 silly addNameRange     '0.8.2',
169 silly addNameRange     '0.8.3',
169 silly addNameRange     '0.8.4',
169 silly addNameRange     '0.8.5',
169 silly addNameRange     '0.8.6',
169 silly addNameRange     '0.8.7',
169 silly addNameRange     '0.9.0',
169 silly addNameRange     '0.9.1',
169 silly addNameRange     '0.9.1-1',
169 silly addNameRange     '0.9.2',
169 silly addNameRange     '0.9.3',
169 silly addNameRange     '0.9.4',
169 silly addNameRange     '0.9.5',
169 silly addNameRange     '0.9.6',
169 silly addNameRange     '0.9.7',
169 silly addNameRange     '0.9.8',
169 silly addNameRange     '0.9.9',
169 silly addNameRange     '0.9.10',
169 silly addNameRange     '0.9.11',
169 silly addNameRange     '0.9.12',
169 silly addNameRange     '0.9.13',
169 silly addNameRange     '0.9.14',
169 silly addNameRange     '0.9.15',
169 silly addNameRange     '0.9.16',
169 silly addNameRange     '1.0.0-pre',
169 silly addNameRange     '1.0.0-pre2',
169 silly addNameRange     '1.0.0-pre3',
169 silly addNameRange     '1.0.0-pre4',
169 silly addNameRange     '1.0.0-pre5',
169 silly addNameRange     '0.9.17',
169 silly addNameRange     '1.0.0',
169 silly addNameRange     '1.0.1',
169 silly addNameRange     '1.0.2',
169 silly addNameRange     '1.0.3',
169 silly addNameRange     '1.0.4',
169 silly addNameRange     '1.0.5',
169 silly addNameRange     '1.0.6',
169 silly addNameRange     '1.1.0',
169 silly addNameRange     '1.2.0',
169 silly addNameRange     '1.2.1' ] ]
170 verbose addNamed [ 'socket.io', '1.2.1' ]
171 verbose addNamed [ '1.2.1', '1.2.1' ]
172 silly lockFile 77e414a6-socket-io-1-2-1 socket.io@1.2.1
173 verbose lock socket.io@1.2.1 C:\Users\Administrator\AppData\Roaming\npm-cache\77e414a6-socket-io-1-2-1.lock
174 verbose registry.get https://registry.npmjs.org/winston not expired, no request
175 silly addNameRange number 2 { name: 'winston', range: '>=0.8.3-0 <0.9.0-0', hasData: true }
176 silly addNameRange versions [ 'winston',
176 silly addNameRange   [ '0.2.11',
176 silly addNameRange     '0.3.3',
176 silly addNameRange     '0.3.4',
176 silly addNameRange     '0.3.5',
176 silly addNameRange     '0.4.0',
176 silly addNameRange     '0.4.1',
176 silly addNameRange     '0.5.0',
176 silly addNameRange     '0.5.1',
176 silly addNameRange     '0.5.2',
176 silly addNameRange     '0.5.3',
176 silly addNameRange     '0.5.4',
176 silly addNameRange     '0.5.5',
176 silly addNameRange     '0.5.6',
176 silly addNameRange     '0.5.7',
176 silly addNameRange     '0.5.8',
176 silly addNameRange     '0.5.9',
176 silly addNameRange     '0.5.10',
176 silly addNameRange     '0.5.11',
176 silly addNameRange     '0.6.1',
176 silly addNameRange     '0.6.2',
176 silly addNameRange     '0.7.0',
176 silly addNameRange     '0.7.1',
176 silly addNameRange     '0.7.2',
176 silly addNameRange     '0.7.3',
176 silly addNameRange     '0.8.0',
176 silly addNameRange     '0.8.1',
176 silly addNameRange     '0.8.2',
176 silly addNameRange     '0.8.3' ] ]
177 verbose addNamed [ 'winston', '0.8.3' ]
178 verbose addNamed [ '0.8.3', '0.8.3' ]
179 silly lockFile c3fdbb33-winston-0-8-3 winston@0.8.3
180 verbose lock winston@0.8.3 C:\Users\Administrator\AppData\Roaming\npm-cache\c3fdbb33-winston-0-8-3.lock
181 verbose registry.get https://registry.npmjs.org/xmldom not expired, no request
182 silly addNameRange number 2 { name: 'xmldom', range: '>=0.1.19-0 <0.2.0-0', hasData: true }
183 silly addNameRange versions [ 'xmldom',
183 silly addNameRange   [ '0.1.0',
183 silly addNameRange     '0.1.1',
183 silly addNameRange     '0.1.2',
183 silly addNameRange     '0.1.3',
183 silly addNameRange     '0.1.4',
183 silly addNameRange     '0.1.5',
183 silly addNameRange     '0.1.6',
183 silly addNameRange     '0.1.7',
183 silly addNameRange     '0.1.8',
183 silly addNameRange     '0.1.9',
183 silly addNameRange     '0.1.10',
183 silly addNameRange     '0.1.11',
183 silly addNameRange     '0.1.12',
183 silly addNameRange     '0.1.13',
183 silly addNameRange     '0.1.14',
183 silly addNameRange     '0.1.15',
183 silly addNameRange     '0.1.16',
183 silly addNameRange     '0.1.17',
183 silly addNameRange     '0.1.18',
183 silly addNameRange     '0.1.19' ] ]
184 verbose addNamed [ 'xmldom', '0.1.19' ]
185 verbose addNamed [ '0.1.19', '0.1.19' ]
186 silly lockFile 9cc0a14e-xmldom-0-1-19 xmldom@0.1.19
187 verbose lock xmldom@0.1.19 C:\Users\Administrator\AppData\Roaming\npm-cache\9cc0a14e-xmldom-0-1-19.lock
188 verbose registry.get https://registry.npmjs.org/xpath not expired, no request
189 silly lockFile 757bb324-xpath-0-0-9 xpath@0.0.9
190 silly lockFile 757bb324-xpath-0-0-9 xpath@0.0.9
191 silly lockFile 5cba912c-body-parser-1-8-4 body-parser@1.8.4
192 silly lockFile 5cba912c-body-parser-1-8-4 body-parser@1.8.4
193 silly lockFile 68450bd4-cookie-parser-1-3-3 cookie-parser@1.3.3
194 silly lockFile 68450bd4-cookie-parser-1-3-3 cookie-parser@1.3.3
195 silly lockFile b419753c-ejs-2-1-4 ejs@2.1.4
196 silly lockFile b419753c-ejs-2-1-4 ejs@2.1.4
197 silly lockFile 8502be2a-lodash-2-4-1 lodash@2.4.1
198 silly lockFile 8502be2a-lodash-2-4-1 lodash@2.4.1
199 silly lockFile fc99895f-cookie-session-1-1-0 cookie-session@1.1.0
200 silly lockFile fc99895f-cookie-session-1-1-0 cookie-session@1.1.0
201 silly lockFile a49948c1-body-parser-1-8-1 body-parser@~1.8.1
202 silly lockFile a49948c1-body-parser-1-8-1 body-parser@~1.8.1
203 silly lockFile bf5babd8-cookie-parser-1-3-3 cookie-parser@~1.3.3
204 silly lockFile bf5babd8-cookie-parser-1-3-3 cookie-parser@~1.3.3
205 silly lockFile 3524a4c6-ejs-2-1-4 ejs@^2.1.4
206 silly lockFile 3524a4c6-ejs-2-1-4 ejs@^2.1.4
207 silly lockFile 3e3a25f6-express-4-9-8 express@4.9.8
208 silly lockFile 3e3a25f6-express-4-9-8 express@4.9.8
209 silly lockFile c3fdbb33-winston-0-8-3 winston@0.8.3
210 silly lockFile c3fdbb33-winston-0-8-3 winston@0.8.3
211 silly lockFile 15f92fc8-lodash lodash@*
212 silly lockFile 15f92fc8-lodash lodash@*
213 silly lockFile d38e011b-cookie-session-1-1-0 cookie-session@^1.1.0
214 silly lockFile d38e011b-cookie-session-1-1-0 cookie-session@^1.1.0
215 silly lockFile f9216bc0-moment-2-9-0 moment@2.9.0
216 silly lockFile f9216bc0-moment-2-9-0 moment@2.9.0
217 silly lockFile 77e414a6-socket-io-1-2-1 socket.io@1.2.1
218 silly lockFile 77e414a6-socket-io-1-2-1 socket.io@1.2.1
219 silly lockFile 9cc0a14e-xmldom-0-1-19 xmldom@0.1.19
220 silly lockFile 9cc0a14e-xmldom-0-1-19 xmldom@0.1.19
221 silly lockFile 6ae7fa08-express-4-9-0 express@~4.9.0
222 silly lockFile 6ae7fa08-express-4-9-0 express@~4.9.0
223 silly lockFile 778e3568-winston-0-8-3 winston@^0.8.3
224 silly lockFile 778e3568-winston-0-8-3 winston@^0.8.3
225 silly lockFile 626a7352-moment-2-9-0 moment@^2.9.0
226 silly lockFile 626a7352-moment-2-9-0 moment@^2.9.0
227 silly lockFile 141fbf03-socket-io socket.io@*
228 silly lockFile 141fbf03-socket-io socket.io@*
229 silly lockFile de086957-xmldom-0-1-19 xmldom@^0.1.19
230 silly lockFile de086957-xmldom-0-1-19 xmldom@^0.1.19
231 error Error: version not found: xpath@0.0.9
231 error     at C:\Program Files\nodejs\node_modules\npm\lib\cache\add-named.js:125:12
231 error     at RegClient.get_ (C:\Program Files\nodejs\node_modules\npm\node_modules\npm-registry-client\lib\get.js:130:14)
231 error     at RegClient.<anonymous> (C:\Program Files\nodejs\node_modules\npm\node_modules\npm-registry-client\lib\get.js:49:12)
231 error     at evalmachine.<anonymous>:272:14
231 error     at C:\Program Files\nodejs\node_modules\npm\node_modules\graceful-fs\graceful-fs.js:102:5
231 error     at Object.oncomplete (evalmachine.<anonymous>:108:15)
232 error If you need help, you may report this *entire* log,
232 error including the npm and node versions, at:
232 error     <http://github.com/npm/npm/issues>
233 error System Windows_NT 6.2.9200
234 error command "C:\\Program Files\\nodejs\\\\node.exe" "C:\\Program Files\\nodejs\\node_modules\\npm\\bin\\npm-cli.js" "install"
235 error cwd C:\test\develop3
236 error node -v v0.10.35
237 error npm -v 1.4.28
238 verbose exit [ 1, true ]
